Using pre-set license
Built from '2020.3/staging' branch; Version is '2020.3.9f1 (108be757e447) revision 1084391'; Using compiler version '192528614'; Build Type 'Release'
OS: 'Windows 10 Home; OS build 19042.1110; Version 2009; 64bit' Language: 'en' Physical Memory: 8081 MB
BatchMode: 1, IsHumanControllingUs: 0, StartBugReporterOnCrash: 0, Is64bit: 1, IsPro: 0

 COMMAND LINE ARGUMENTS:
C:\Program Files\Unity\Hub\Editor\2020.3.9f1\Editor\Unity.exe
-adb2
-batchMode
-noUpm
-name
AssetImportWorker0
-projectPath
C:/Users/alecz/Documents/GitHub/Project-3/GAD174 Project 3 - Alien Marketplace
-logFile
Logs/AssetImportWorker0.log
-srvPort
51380
Successfully changed project path to: C:/Users/alecz/Documents/GitHub/Project-3/GAD174 Project 3 - Alien Marketplace
C:/Users/alecz/Documents/GitHub/Project-3/GAD174 Project 3 - Alien Marketplace
Using Asset Import Pipeline V2.
Refreshing native plugins compatible for Editor in 21.03 ms, found 0 plugins.
Preloading 0 native plugins for Editor in 0.00 ms.
Initialize engine version: 2020.3.9f1 (108be757e447)
[Subsystems] Discovering subsystems at path C:/Program Files/Unity/Hub/Editor/2020.3.9f1/Editor/Data/Resources/UnitySubsystems
[Subsystems] Discovering subsystems at path C:/Users/alecz/Documents/GitHub/Project-3/GAD174 Project 3 - Alien Marketplace/Assets
GfxDevice: creating device client; threaded=0
Direct3D:
    Version:  Direct3D 11.0 [level 11.1]
    Renderer: NVIDIA GeForce GTX 1050 (ID=0x1c8d)
    Vendor:   
    VRAM:     4019 MB
    Driver:   27.21.14.6230
Initialize mono
Mono path[0] = 'C:/Program Files/Unity/Hub/Editor/2020.3.9f1/Editor/Data/Managed'
Mono path[1] = 'C:/Program Files/Unity/Hub/Editor/2020.3.9f1/Editor/Data/MonoBleedingEdge/lib/mono/unityjit'
Mono config path = 'C:/Program Files/Unity/Hub/Editor/2020.3.9f1/Editor/Data/MonoBleedingEdge/etc'
Using monoOptions --debugger-agent=transport=dt_socket,embedding=1,server=y,suspend=n,address=127.0.0.1:56652
Begin MonoManager ReloadAssembly
Registering precompiled unity dll's ...
Register platform support module: C:/Program Files/Unity/Hub/Editor/2020.3.9f1/Editor/Data/PlaybackEngines/WindowsStandaloneSupport/UnityEditor.WindowsStandalone.Extensions.dll
Registered in 0.001988 seconds.
Native extension for WindowsStandalone target not found
Refreshing native plugins compatible for Editor in 21.31 ms, found 0 plugins.
Preloading 0 native plugins for Editor in 0.00 ms.
Mono: successfully reloaded assembly
- Completed reload, in  1.128 seconds
Platform modules already initialized, skipping
Registering precompiled user dll's ...
Registered in 0.000692 seconds.
Begin MonoManager ReloadAssembly
Native extension for WindowsStandalone target not found
Refreshing native plugins compatible for Editor in 0.20 ms, found 0 plugins.
Preloading 0 native plugins for Editor in 0.00 ms.
Mono: successfully reloaded assembly
- Completed reload, in  0.852 seconds
Platform modules already initialized, skipping
========================================================================
Worker process is ready to serve import requests
Launched and connected shader compiler UnityShaderCompiler.exe after 0.05 seconds
Refreshing native plugins compatible for Editor in 0.19 ms, found 0 plugins.
Preloading 0 native plugins for Editor in 0.00 ms.
Unloading 1115 Unused Serialized files (Serialized files now loaded: 0)
System memory in use before: 57.8 MB.
System memory in use after: 57.9 MB.

Unloading 10 unused Assets to reduce memory usage. Loaded Objects now: 1558.
Total: 1.631800 ms (FindLiveObjects: 0.125500 ms CreateObjectMapping: 0.030600 ms MarkObjects: 1.409200 ms  DeleteObjects: 0.065900 ms)

========================================================================
Received Import Request.
  path: Assets/PLAYER/Player.prefab
  artifactKey: Guid(afaad324c6abfa546a054858e9b0893f) Importer(815301076,1909f56bfc062723c751e8b465ee728b)
Start importing Assets/PLAYER/Player.prefab using Guid(afaad324c6abfa546a054858e9b0893f) Importer(815301076,1909f56bfc062723c751e8b465ee728b)  -> (artifact id: '1ecc9e085b466b28b2025677da22c35c') in 0.108781 seconds
  Import took 0.110547 seconds .

AssetImportWorkerClient::OnTransportError - code=2 error=End of file
